[0.279s] DEBUG:colcon:Command line arguments: ['/usr/bin/colcon', 'build']
[0.279s] DEBUG:colcon:Parsed command line arguments: Namespace(allow_overriding=[], ament_cmake_args=None, base_paths=['.'], build_base='build', catkin_cmake_args=None, catkin_skip_building_tests=False, cmake_args=None, cmake_clean_cache=False, cmake_clean_first=False, cmake_force_configure=False, cmake_target=None, cmake_target_skip_unavailable=False, continue_on_error=False, event_handlers=None, executor='parallel', ignore_user_meta=False, install_base='install', log_base=None, log_level=None, main=<bound method BuildVerb.main of <colcon_core.verb.build.BuildVerb object at 0x7f6338f42dc0>>, merge_install=False, metas=['./colcon.meta'], packages_above=None, packages_above_and_dependencies=None, packages_above_depth=None, packages_end=None, packages_ignore=None, packages_ignore_regex=None, packages_select=None, packages_select_build_failed=False, packages_select_by_dep=None, packages_select_regex=None, packages_select_test_failures=False, packages_skip=None, packages_skip_build_finished=False, packages_skip_by_dep=None, packages_skip_regex=None, packages_skip_test_passed=False, packages_skip_up_to=None, packages_start=None, packages_up_to=None, packages_up_to_regex=None, parallel_workers=8, paths=None, symlink_install=False, test_result_base=None, verb_extension=<colcon_core.verb.build.BuildVerb object at 0x7f6338f42dc0>, verb_name='build', verb_parser=<colcon_defaults.argument_parser.defaults.DefaultArgumentsDecorator object at 0x7f6338eed040>)
[0.328s] Level 1:colcon.colcon_core.package_discovery:discover_packages(colcon_meta) check parameters
[0.328s] Level 1:colcon.colcon_core.package_discovery:discover_packages(recursive) check parameters
[0.328s] Level 1:colcon.colcon_core.package_discovery:discover_packages(ignore) check parameters
[0.328s] Level 1:colcon.colcon_core.package_discovery:discover_packages(path) check parameters
[0.328s] Level 1:colcon.colcon_core.package_discovery:discover_packages(colcon_meta) discover
[0.328s] Level 1:colcon.colcon_core.package_discovery:discover_packages(recursive) discover
[0.328s] INFO:colcon.colcon_core.package_discovery:Crawling recursively for packages in '/home/sylvain/ros2_drones_ws/src/drone_world'
[0.328s] Level 1:colcon.colcon_core.package_identification:_identify(.) by extensions ['ignore', 'ignore_ament_install']
[0.328s] Level 1:colcon.colcon_core.package_identification:_identify(.) by extension 'ignore'
[0.328s] Level 1:colcon.colcon_core.package_identification:_identify(.) by extension 'ignore_ament_install'
[0.329s] Level 1:colcon.colcon_core.package_identification:_identify(.) by extensions ['colcon_pkg']
[0.329s] Level 1:colcon.colcon_core.package_identification:_identify(.) by extension 'colcon_pkg'
[0.329s] Level 1:colcon.colcon_core.package_identification:_identify(.) by extensions ['colcon_meta']
[0.329s] Level 1:colcon.colcon_core.package_identification:_identify(.) by extension 'colcon_meta'
[0.329s] Level 1:colcon.colcon_core.package_identification:_identify(.) by extensions ['ros']
[0.329s] Level 1:colcon.colcon_core.package_identification:_identify(.) by extension 'ros'
[0.347s] DEBUG:colcon.colcon_core.package_identification:Package '.' with type 'ros.ament_cmake' and name 'drone_world'
[0.347s] Level 1:colcon.colcon_core.package_discovery:discover_packages(recursive) using defaults
[0.347s] Level 1:colcon.colcon_core.package_discovery:discover_packages(ignore) discover
[0.347s] Level 1:colcon.colcon_core.package_discovery:discover_packages(ignore) using defaults
[0.347s] Level 1:colcon.colcon_core.package_discovery:discover_packages(path) discover
[0.347s] Level 1:colcon.colcon_core.package_discovery:discover_packages(path) using defaults
[0.366s] Level 1:colcon.colcon_core.package_discovery:discover_packages(prefix_path) check parameters
[0.366s] Level 1:colcon.colcon_core.package_discovery:discover_packages(prefix_path) discover
[0.369s] DEBUG:colcon.colcon_installed_package_information.package_discovery:Found 12 installed packages in /home/sylvain/ros2_ws/install
[0.371s] DEBUG:colcon.colcon_installed_package_information.package_discovery:Found 306 installed packages in /opt/ros/galactic
[0.374s] Level 1:colcon.colcon_core.package_discovery:discover_packages(prefix_path) using defaults
[0.434s] Level 5:colcon.colcon_core.verb:set package 'drone_world' build argument 'cmake_args' from command line to 'None'
[0.434s] Level 5:colcon.colcon_core.verb:set package 'drone_world' build argument 'cmake_target' from command line to 'None'
[0.434s] Level 5:colcon.colcon_core.verb:set package 'drone_world' build argument 'cmake_target_skip_unavailable' from command line to 'False'
[0.434s] Level 5:colcon.colcon_core.verb:set package 'drone_world' build argument 'cmake_clean_cache' from command line to 'False'
[0.434s] Level 5:colcon.colcon_core.verb:set package 'drone_world' build argument 'cmake_clean_first' from command line to 'False'
[0.434s] Level 5:colcon.colcon_core.verb:set package 'drone_world' build argument 'cmake_force_configure' from command line to 'False'
[0.435s] Level 5:colcon.colcon_core.verb:set package 'drone_world' build argument 'ament_cmake_args' from command line to 'None'
[0.435s] Level 5:colcon.colcon_core.verb:set package 'drone_world' build argument 'catkin_cmake_args' from command line to 'None'
[0.435s] Level 5:colcon.colcon_core.verb:set package 'drone_world' build argument 'catkin_skip_building_tests' from command line to 'False'
[0.435s] DEBUG:colcon.colcon_core.verb:Building package 'drone_world' with the following arguments: {'ament_cmake_args': None, 'build_base': '/home/sylvain/ros2_drones_ws/src/drone_world/build/drone_world', 'catkin_cmake_args': None, 'catkin_skip_building_tests': False, 'cmake_args': None, 'cmake_clean_cache': False, 'cmake_clean_first': False, 'cmake_force_configure': False, 'cmake_target': None, 'cmake_target_skip_unavailable': False, 'install_base': '/home/sylvain/ros2_drones_ws/src/drone_world/install/drone_world', 'merge_install': False, 'path': '/home/sylvain/ros2_drones_ws/src/drone_world', 'symlink_install': False, 'test_result_base': None}
[0.435s] INFO:colcon.colcon_core.executor:Executing jobs using 'parallel' executor
[0.436s] DEBUG:colcon.colcon_parallel_executor.executor.parallel:run_until_complete
[0.436s] INFO:colcon.colcon_ros.task.ament_cmake.build:Building ROS package in '/home/sylvain/ros2_drones_ws/src/drone_world' with build type 'ament_cmake'
[0.436s] INFO:colcon.colcon_cmake.task.cmake.build:Building CMake package in '/home/sylvain/ros2_drones_ws/src/drone_world'
[0.439s] INFO:colcon.colcon_core.plugin_system:Skipping extension 'colcon_core.shell.bat': Not used on non-Windows systems
[0.439s] INFO:colcon.colcon_core.shell:Skip shell extension 'powershell' for command environment: Not usable outside of PowerShell
[0.439s] DEBUG:colcon.colcon_core.shell:Skip shell extension 'dsv' for command environment
[0.457s] DEBUG:colcon.colcon_core.event_handler.log_command:Invoking command in '/home/sylvain/ros2_drones_ws/src/drone_world/build/drone_world': CMAKE_PREFIX_PATH=${CMAKE_PREFIX_PATH}:/home/sylvain/ros2_ws/install/in426_motion:/home/sylvain/ros2_ws/install/in425_nav:/home/sylvain/ros2_ws/install/in424_nav:/opt/ros/galactic /usr/bin/cmake /home/sylvain/ros2_drones_ws/src/drone_world -DCMAKE_INSTALL_PREFIX=/home/sylvain/ros2_drones_ws/src/drone_world/install/drone_world
[1.514s] DEBUG:colcon.colcon_core.event_handler.log_command:Invoked command in '/home/sylvain/ros2_drones_ws/src/drone_world/build/drone_world' returned '0': CMAKE_PREFIX_PATH=${CMAKE_PREFIX_PATH}:/home/sylvain/ros2_ws/install/in426_motion:/home/sylvain/ros2_ws/install/in425_nav:/home/sylvain/ros2_ws/install/in424_nav:/opt/ros/galactic /usr/bin/cmake /home/sylvain/ros2_drones_ws/src/drone_world -DCMAKE_INSTALL_PREFIX=/home/sylvain/ros2_drones_ws/src/drone_world/install/drone_world
[1.520s] DEBUG:colcon.colcon_core.event_handler.log_command:Invoking command in '/home/sylvain/ros2_drones_ws/src/drone_world/build/drone_world': CMAKE_PREFIX_PATH=${CMAKE_PREFIX_PATH}:/home/sylvain/ros2_ws/install/in426_motion:/home/sylvain/ros2_ws/install/in425_nav:/home/sylvain/ros2_ws/install/in424_nav:/opt/ros/galactic /usr/bin/cmake --build /home/sylvain/ros2_drones_ws/src/drone_world/build/drone_world -- -j8 -l8
[1.575s] DEBUG:colcon.colcon_core.event_handler.log_command:Invoked command in '/home/sylvain/ros2_drones_ws/src/drone_world/build/drone_world' returned '0': CMAKE_PREFIX_PATH=${CMAKE_PREFIX_PATH}:/home/sylvain/ros2_ws/install/in426_motion:/home/sylvain/ros2_ws/install/in425_nav:/home/sylvain/ros2_ws/install/in424_nav:/opt/ros/galactic /usr/bin/cmake --build /home/sylvain/ros2_drones_ws/src/drone_world/build/drone_world -- -j8 -l8
[1.591s] DEBUG:colcon.colcon_core.event_handler.log_command:Invoking command in '/home/sylvain/ros2_drones_ws/src/drone_world/build/drone_world': CMAKE_PREFIX_PATH=${CMAKE_PREFIX_PATH}:/home/sylvain/ros2_ws/install/in426_motion:/home/sylvain/ros2_ws/install/in425_nav:/home/sylvain/ros2_ws/install/in424_nav:/opt/ros/galactic /usr/bin/cmake --install /home/sylvain/ros2_drones_ws/src/drone_world/build/drone_world
[1.608s] Level 1:colcon.colcon_core.environment:create_environment_scripts_only(drone_world)
[1.609s] DEBUG:colcon.colcon_core.event_handler.log_command:Invoked command in '/home/sylvain/ros2_drones_ws/src/drone_world/build/drone_world' returned '0': CMAKE_PREFIX_PATH=${CMAKE_PREFIX_PATH}:/home/sylvain/ros2_ws/install/in426_motion:/home/sylvain/ros2_ws/install/in425_nav:/home/sylvain/ros2_ws/install/in424_nav:/opt/ros/galactic /usr/bin/cmake --install /home/sylvain/ros2_drones_ws/src/drone_world/build/drone_world
[1.612s] Level 1:colcon.colcon_core.environment:checking '/home/sylvain/ros2_drones_ws/src/drone_world/install/drone_world' for CMake module files
[1.612s] Level 1:colcon.colcon_core.environment:checking '/home/sylvain/ros2_drones_ws/src/drone_world/install/drone_world' for CMake config files
[1.613s] Level 1:colcon.colcon_core.shell:create_environment_hook('drone_world', 'cmake_prefix_path')
[1.613s] INFO:colcon.colcon_core.shell:Creating environment hook '/home/sylvain/ros2_drones_ws/src/drone_world/install/drone_world/share/drone_world/hook/cmake_prefix_path.ps1'
[1.614s] INFO:colcon.colcon_core.shell:Creating environment descriptor '/home/sylvain/ros2_drones_ws/src/drone_world/install/drone_world/share/drone_world/hook/cmake_prefix_path.dsv'
[1.614s] INFO:colcon.colcon_core.shell:Creating environment hook '/home/sylvain/ros2_drones_ws/src/drone_world/install/drone_world/share/drone_world/hook/cmake_prefix_path.sh'
[1.615s] Level 1:colcon.colcon_core.environment:checking '/home/sylvain/ros2_drones_ws/src/drone_world/install/drone_world/bin'
[1.615s] Level 1:colcon.colcon_core.environment:checking '/home/sylvain/ros2_drones_ws/src/drone_world/install/drone_world/lib/pkgconfig/drone_world.pc'
[1.616s] Level 1:colcon.colcon_core.environment:checking '/home/sylvain/ros2_drones_ws/src/drone_world/install/drone_world/lib/python3.8/site-packages'
[1.616s] Level 1:colcon.colcon_core.environment:checking '/home/sylvain/ros2_drones_ws/src/drone_world/install/drone_world/bin'
[1.616s] INFO:colcon.colcon_core.shell:Creating package script '/home/sylvain/ros2_drones_ws/src/drone_world/install/drone_world/share/drone_world/package.ps1'
[1.617s] INFO:colcon.colcon_core.shell:Creating package descriptor '/home/sylvain/ros2_drones_ws/src/drone_world/install/drone_world/share/drone_world/package.dsv'
[1.618s] INFO:colcon.colcon_core.shell:Creating package script '/home/sylvain/ros2_drones_ws/src/drone_world/install/drone_world/share/drone_world/package.sh'
[1.618s] INFO:colcon.colcon_core.shell:Creating package script '/home/sylvain/ros2_drones_ws/src/drone_world/install/drone_world/share/drone_world/package.bash'
[1.619s] INFO:colcon.colcon_core.shell:Creating package script '/home/sylvain/ros2_drones_ws/src/drone_world/install/drone_world/share/drone_world/package.zsh'
[1.619s] Level 1:colcon.colcon_core.environment:create_file_with_runtime_dependencies(/home/sylvain/ros2_drones_ws/src/drone_world/install/drone_world/share/colcon-core/packages/drone_world)
[1.620s] Level 1:colcon.colcon_core.environment:create_environment_scripts_only(drone_world)
[1.620s] Level 1:colcon.colcon_core.environment:checking '/home/sylvain/ros2_drones_ws/src/drone_world/install/drone_world' for CMake module files
[1.621s] Level 1:colcon.colcon_core.environment:checking '/home/sylvain/ros2_drones_ws/src/drone_world/install/drone_world' for CMake config files
[1.621s] Level 1:colcon.colcon_core.shell:create_environment_hook('drone_world', 'cmake_prefix_path')
[1.621s] INFO:colcon.colcon_core.shell:Creating environment hook '/home/sylvain/ros2_drones_ws/src/drone_world/install/drone_world/share/drone_world/hook/cmake_prefix_path.ps1'
[1.622s] INFO:colcon.colcon_core.shell:Creating environment descriptor '/home/sylvain/ros2_drones_ws/src/drone_world/install/drone_world/share/drone_world/hook/cmake_prefix_path.dsv'
[1.622s] INFO:colcon.colcon_core.shell:Creating environment hook '/home/sylvain/ros2_drones_ws/src/drone_world/install/drone_world/share/drone_world/hook/cmake_prefix_path.sh'
[1.623s] Level 1:colcon.colcon_core.environment:checking '/home/sylvain/ros2_drones_ws/src/drone_world/install/drone_world/bin'
[1.623s] Level 1:colcon.colcon_core.environment:checking '/home/sylvain/ros2_drones_ws/src/drone_world/install/drone_world/lib/pkgconfig/drone_world.pc'
[1.623s] Level 1:colcon.colcon_core.environment:checking '/home/sylvain/ros2_drones_ws/src/drone_world/install/drone_world/lib/python3.8/site-packages'
[1.623s] Level 1:colcon.colcon_core.environment:checking '/home/sylvain/ros2_drones_ws/src/drone_world/install/drone_world/bin'
[1.624s] INFO:colcon.colcon_core.shell:Creating package script '/home/sylvain/ros2_drones_ws/src/drone_world/install/drone_world/share/drone_world/package.ps1'
[1.624s] INFO:colcon.colcon_core.shell:Creating package descriptor '/home/sylvain/ros2_drones_ws/src/drone_world/install/drone_world/share/drone_world/package.dsv'
[1.625s] INFO:colcon.colcon_core.shell:Creating package script '/home/sylvain/ros2_drones_ws/src/drone_world/install/drone_world/share/drone_world/package.sh'
[1.625s] INFO:colcon.colcon_core.shell:Creating package script '/home/sylvain/ros2_drones_ws/src/drone_world/install/drone_world/share/drone_world/package.bash'
[1.626s] INFO:colcon.colcon_core.shell:Creating package script '/home/sylvain/ros2_drones_ws/src/drone_world/install/drone_world/share/drone_world/package.zsh'
[1.626s] Level 1:colcon.colcon_core.environment:create_file_with_runtime_dependencies(/home/sylvain/ros2_drones_ws/src/drone_world/install/drone_world/share/colcon-core/packages/drone_world)
[1.626s] DEBUG:colcon.colcon_parallel_executor.executor.parallel:closing loop
[1.627s] DEBUG:colcon.colcon_parallel_executor.executor.parallel:loop closed
[1.627s] DEBUG:colcon.colcon_parallel_executor.executor.parallel:run_until_complete finished with '0'
[1.627s] DEBUG:colcon.colcon_core.event_reactor:joining thread
[1.647s] INFO:colcon.colcon_core.plugin_system:Skipping extension 'colcon_notification.desktop_notification.terminal_notifier': Not used on non-Darwin systems
[1.648s] INFO:colcon.colcon_core.plugin_system:Skipping extension 'colcon_notification.desktop_notification.win32': Not used on non-Windows systems
[1.648s] INFO:colcon.colcon_notification.desktop_notification:Sending desktop notification using 'notify2'
[1.666s] DEBUG:colcon.colcon_core.event_reactor:joined thread
[1.666s] INFO:colcon.colcon_core.shell:Creating prefix script '/home/sylvain/ros2_drones_ws/src/drone_world/install/local_setup.ps1'
[1.668s] INFO:colcon.colcon_core.shell:Creating prefix util module '/home/sylvain/ros2_drones_ws/src/drone_world/install/_local_setup_util_ps1.py'
[1.669s] INFO:colcon.colcon_core.shell:Creating prefix chain script '/home/sylvain/ros2_drones_ws/src/drone_world/install/setup.ps1'
[1.671s] INFO:colcon.colcon_core.shell:Creating prefix script '/home/sylvain/ros2_drones_ws/src/drone_world/install/local_setup.sh'
[1.672s] INFO:colcon.colcon_core.shell:Creating prefix util module '/home/sylvain/ros2_drones_ws/src/drone_world/install/_local_setup_util_sh.py'
[1.672s] INFO:colcon.colcon_core.shell:Creating prefix chain script '/home/sylvain/ros2_drones_ws/src/drone_world/install/setup.sh'
[1.674s] INFO:colcon.colcon_core.shell:Creating prefix script '/home/sylvain/ros2_drones_ws/src/drone_world/install/local_setup.bash'
[1.675s] INFO:colcon.colcon_core.shell:Creating prefix chain script '/home/sylvain/ros2_drones_ws/src/drone_world/install/setup.bash'
[1.677s] INFO:colcon.colcon_core.shell:Creating prefix script '/home/sylvain/ros2_drones_ws/src/drone_world/install/local_setup.zsh'
[1.678s] INFO:colcon.colcon_core.shell:Creating prefix chain script '/home/sylvain/ros2_drones_ws/src/drone_world/install/setup.zsh'
